#
# There is insufficient memory for the Java Runtime Environment to continue.
# Native memory allocation (malloc) failed to allocate 1637776 bytes for Chunk::new
# Possible reasons:
#   The system is out of physical RAM or swap space
#   The process is running with CompressedOops enabled, and the Java Heap may be blocking the growth of the native heap
# Possible solutions:
#   Reduce memory load on the system
#   Increase physical memory or swap space
#   Check if swap backing store is full
#   Decrease Java heap size (-Xmx/-Xms)
#   Decrease number of Java threads
#   Decrease Java thread stack sizes (-Xss)
#   Set larger code cache with -XX:ReservedCodeCacheSize=
#   JVM is running with Zero Based Compressed Oops mode in which the Java heap is
#     placed in the first 32GB address space. The Java Heap base address is the
#     maximum limit for the native heap growth. Please use -XX:HeapBaseMinAddress
#     to set the Java Heap base and to place the Java Heap above 32GB virtual address.
# This output file may be truncated or incomplete.
#
#  Out of Memory Error (allocation.cpp:389), pid=11692, tid=0x0000000000002498
#
# JRE version: OpenJDK Runtime Environment (8.0_372-b07) (build 1.8.0_372-b07)
# Java VM: OpenJDK 64-Bit Server VM (25.372-b07 mixed mode windows-amd64 compressed oops)
# Failed to write core dump. Minidumps are not enabled by default on client versions of Windows
#

---------------  T H R E A D  ---------------

Current thread (0x000001c5fbba3800):  JavaThread "C2 CompilerThread0" daemon [_thread_in_native, id=9368, stack(0x0000009015e00000,0x0000009015f00000)]

Stack: [0x0000009015e00000,0x0000009015f00000]
[error occurred during error reporting (printing stack bounds), id 0xc0000005]

Native frames: (J=compiled Java code, j=interpreted, Vv=VM code, C=native code)


Current CompileTask:
C2:  17919 5864   !   4       java.beans.Introspector::getPublicDeclaredMethods (140 bytes)


---------------  P R O C E S S  ---------------

Java Threads: ( => current thread )
  0x000001c593525800 JavaThread "Unconstrained build operations Thread 27" [_thread_blocked, id=1572, stack(0x000000901a100000,0x000000901a200000)]
  0x000001c593523800 JavaThread "Unconstrained build operations Thread 26" [_thread_blocked, id=12744, stack(0x000000901a000000,0x000000901a100000)]
  0x000001c593522800 JavaThread "Unconstrained build operations Thread 25" [_thread_blocked, id=13116, stack(0x0000009019f00000,0x000000901a000000)]
  0x000001c593525000 JavaThread "Unconstrained build operations Thread 24" [_thread_blocked, id=8836, stack(0x0000009019e00000,0x0000009019f00000)]
  0x000001c593524000 JavaThread "Unconstrained build operations Thread 23" [_thread_blocked, id=11932, stack(0x0000009019d00000,0x0000009019e00000)]
  0x000001c593527800 JavaThread "Unconstrained build operations Thread 22" [_thread_blocked, id=1068, stack(0x0000009019c00000,0x0000009019d00000)]
  0x000001c593526800 JavaThread "Unconstrained build operations Thread 21" [_thread_blocked, id=6360, stack(0x0000009019b00000,0x0000009019c00000)]
  0x000001c59351a800 JavaThread "Unconstrained build operations Thread 20" [_thread_blocked, id=2364, stack(0x0000009019a00000,0x0000009019b00000)]
  0x000001c59351a000 JavaThread "Unconstrained build operations Thread 19" [_thread_blocked, id=3648, stack(0x0000009019300000,0x0000009019400000)]
  0x000001c593522000 JavaThread "idea-tooling-model-converter" [_thread_blocked, id=6972, stack(0x0000009019900000,0x0000009019a00000)]
  0x000001c59351e800 JavaThread "Exec process Thread 3" [_thread_blocked, id=11124, stack(0x0000009019800000,0x0000009019900000)]
  0x000001c59351e000 JavaThread "Exec process Thread 2" [_thread_blocked, id=12964, stack(0x0000009019700000,0x0000009019800000)]
  0x000001c593520000 JavaThread "Exec process" [_thread_blocked, id=3672, stack(0x0000009019600000,0x0000009019700000)]
  0x000001c59351c800 JavaThread "ForkJoinPool.commonPool-worker-3" daemon [_thread_blocked, id=7536, stack(0x0000009019400000,0x0000009019500000)]
  0x000001c593521000 JavaThread "ForkJoinPool.commonPool-worker-1" daemon [_thread_blocked, id=8396, stack(0x0000009019200000,0x0000009019300000)]
  0x000001c59351f800 JavaThread "Cache worker for execution history cache (E:\Sunpad\.gradle\7.4\executionHistory)" [_thread_blocked, id=8896, stack(0x0000009019500000,0x0000009019600000)]
  0x000001c59351b800 JavaThread "included builds" [_thread_blocked, id=4264, stack(0x0000009019100000,0x0000009019200000)]
  0x000001c5fcee6000 JavaThread "Unconstrained build operations Thread 18" [_thread_blocked, id=8392, stack(0x0000009019000000,0x0000009019100000)]
  0x000001c5fcee4800 JavaThread "Unconstrained build operations Thread 17" [_thread_blocked, id=1080, stack(0x0000009018f00000,0x0000009019000000)]
  0x000001c5fcee3800 JavaThread "Unconstrained build operations Thread 16" [_thread_blocked, id=10092, stack(0x0000009018e00000,0x0000009018f00000)]
  0x000001c5fcee5000 JavaThread "Unconstrained build operations Thread 15" [_thread_blocked, id=7812, stack(0x0000009018d00000,0x0000009018e00000)]
  0x000001c5fcee8000 JavaThread "Unconstrained build operations Thread 14" [_thread_blocked, id=4012, stack(0x0000009018c00000,0x0000009018d00000)]
  0x000001c5fcee7800 JavaThread "Unconstrained build operations Thread 13" [_thread_blocked, id=5288, stack(0x0000009018b00000,0x0000009018c00000)]
  0x000001c5fcee6800 JavaThread "Unconstrained build operations Thread 12" [_thread_blocked, id=12708, stack(0x0000009018a00000,0x0000009018b00000)]
  0x000001c5fcee2800 JavaThread "Unconstrained build operations Thread 11" [_thread_blocked, id=7440, stack(0x0000009018900000,0x0000009018a00000)]
  0x000001c5fcedf800 JavaThread "Unconstrained build operations Thread 10" [_thread_blocked, id=12728, stack(0x0000009018800000,0x0000009018900000)]
  0x000001c5fcedc800 JavaThread "Unconstrained build operations Thread 9" [_thread_blocked, id=11116, stack(0x0000009018700000,0x0000009018800000)]
  0x000001c5fcee2000 JavaThread "Unconstrained build operations Thread 8" [_thread_blocked, id=7736, stack(0x0000009018600000,0x0000009018700000)]
  0x000001c5fceda000 JavaThread "Unconstrained build operations Thread 7" [_thread_blocked, id=9608, stack(0x0000009018500000,0x0000009018600000)]
  0x000001c5fcedb800 JavaThread "Unconstrained build operations Thread 6" [_thread_blocked, id=12624, stack(0x0000009018400000,0x0000009018500000)]
  0x000001c5fcedf000 JavaThread "Unconstrained build operations Thread 5" [_thread_blocked, id=12372, stack(0x0000009018300000,0x0000009018400000)]
  0x000001c5fcede000 JavaThread "Unconstrained build operations Thread 4" [_thread_blocked, id=11672, stack(0x0000009018200000,0x0000009018300000)]
  0x000001c5fcee1000 JavaThread "Unconstrained build operations Thread 3" [_thread_blocked, id=12996, stack(0x0000009018100000,0x0000009018200000)]
  0x000001c5fcedd000 JavaThread "Unconstrained build operations Thread 2" [_thread_blocked, id=3880, stack(0x0000009018000000,0x0000009018100000)]
  0x000001c5fcedb000 JavaThread "Unconstrained build operations" [_thread_blocked, id=6916, stack(0x0000009017f00000,0x0000009018000000)]
  0x000001c5fced9800 JavaThread "Memory manager" [_thread_blocked, id=7748, stack(0x0000009017e00000,0x0000009017f00000)]
  0x000001c5fcee0800 JavaThread "Cache worker for Build Output Cleanup Cache (E:\Sunpad\.gradle\buildOutputCleanup)" [_thread_blocked, id=8992, stack(0x0000009017d00000,0x0000009017e00000)]
  0x000001c5fd4b7000 JavaThread "Cache worker for dependencies-accessors (E:\Sunpad\.gradle\7.4\dependencies-accessors)" [_thread_blocked, id=2168, stack(0x0000009017c00000,0x0000009017d00000)]
  0x000001c5fd4b9800 JavaThread "Cache worker for file content cache (C:\Users\Administrator\.gradle\caches\7.4\fileContent)" [_thread_blocked, id=13164, stack(0x0000009017b00000,0x0000009017c00000)]
  0x000001c5fd4bb000 JavaThread "Cache worker for execution history cache (C:\Users\Administrator\.gradle\caches\7.4\executionHistory)" [_thread_blocked, id=236, stack(0x0000009017a00000,0x0000009017b00000)]
  0x000001c5fd4b8000 JavaThread "Cache worker for cache directory md-supplier (C:\Users\Administrator\.gradle\caches\7.4\md-supplier)" [_thread_blocked, id=7352, stack(0x0000009017900000,0x0000009017a00000)]
  0x000001c5fd4b6800 JavaThread "Cache worker for file hash cache (E:\Sunpad\.gradle\7.4\fileHashes)" [_thread_blocked, id=3264, stack(0x0000009017800000,0x0000009017900000)]
  0x000001c5fd4b8800 JavaThread "Cache worker for cache directory md-rule (C:\Users\Administrator\.gradle\caches\7.4\md-rule)" [_thread_blocked, id=9352, stack(0x0000009017700000,0x0000009017800000)]
  0x000001c5fd4ba800 JavaThread "Cache worker for checksums cache (E:\Sunpad\.gradle\7.4\checksums)" [_thread_blocked, id=3420, stack(0x0000009017600000,0x0000009017700000)]
  0x000001c5fe60b000 JavaThread "jar transforms Thread 4" [_thread_blocked, id=9940, stack(0x0000009017500000,0x0000009017600000)]
  0x000001c5fe609000 JavaThread "jar transforms Thread 3" [_thread_blocked, id=2392, stack(0x0000009017400000,0x0000009017500000)]
  0x000001c5fe608800 JavaThread "jar transforms Thread 2" [_thread_blocked, id=10096, stack(0x0000009017300000,0x0000009017400000)]
  0x000001c5fe607000 JavaThread "jar transforms" [_thread_blocked, id=2484, stack(0x0000009017200000,0x0000009017300000)]
  0x000001c5fe607800 JavaThread "File watcher consumer" daemon [_thread_blocked, id=5172, stack(0x0000009017100000,0x0000009017200000)]
  0x000001c5fe606000 JavaThread "File watcher server" daemon [_thread_in_native, id=10308, stack(0x0000009017000000,0x0000009017100000)]
  0x000001c5fe60b800 JavaThread "Cache worker for file hash cache (C:\Users\Administrator\.gradle\caches\7.4\fileHashes)" [_thread_blocked, id=5912, stack(0x0000009016f00000,0x0000009017000000)]
  0x000001c5fe60d000 JavaThread "File lock request listener" [_thread_in_native, id=11160, stack(0x0000009016e00000,0x0000009016f00000)]
  0x000001c5fe60c800 JavaThread "Cache worker for journal cache (C:\Users\Administrator\.gradle\caches\journal-1)" [_thread_blocked, id=9980, stack(0x0000009016d00000,0x0000009016e00000)]
  0x000001c5fe60a000 JavaThread "Daemon client event forwarder" [_thread_blocked, id=9012, stack(0x0000009016c00000,0x0000009016d00000)]
  0x000001c5fe5a8800 JavaThread "Stdin handler" [_thread_blocked, id=3696, stack(0x0000009016b00000,0x0000009016c00000)]
  0x000001c5fe5a7800 JavaThread "Asynchronous log dispatcher for DefaultDaemonConnection: socket connection from /127.0.0.1:6456 to /127.0.0.1:6457" [_thread_blocked, id=13180, stack(0x0000009016a00000,0x0000009016b00000)]
  0x000001c5fe5ad800 JavaThread "Daemon worker" [_thread_in_native, id=2084, stack(0x0000009016900000,0x0000009016a00000)]
  0x000001c5fe5ac800 JavaThread "Cancel handler" [_thread_blocked, id=12768, stack(0x0000009016800000,0x0000009016900000)]
  0x000001c5fe458800 JavaThread "Handler for socket connection from /127.0.0.1:6456 to /127.0.0.1:6457" [_thread_in_native, id=13228, stack(0x0000009016700000,0x0000009016800000)]
  0x000001c5fe5d2800 JavaThread "Daemon" [_thread_blocked, id=7568, stack(0x0000009016600000,0x0000009016700000)]
  0x000001c5fe5c7000 JavaThread "Daemon periodic checks" [_thread_blocked, id=3708, stack(0x0000009016500000,0x0000009016600000)]
  0x000001c5fe45d800 JavaThread "Incoming local TCP Connector on port 6456" [_thread_in_native, id=2796, stack(0x0000009016400000,0x0000009016500000)]
  0x000001c5fddd4000 JavaThread "Daemon health stats" [_thread_blocked, id=13260, stack(0x0000009016300000,0x0000009016400000)]
  0x000001c5fbc36000 JavaThread "Service Thread" daemon [_thread_blocked, id=9928, stack(0x0000009016100000,0x0000009016200000)]
  0x000001c5fbba4000 JavaThread "C1 CompilerThread2" daemon [_thread_blocked, id=3840, stack(0x0000009016000000,0x0000009016100000)]
  0x000001c5fbba0000 JavaThread "C2 CompilerThread1" daemon [_thread_in_native, id=4536, stack(0x0000009015f00000,0x0000009016000000)]
=>0x000001c5fbba3800 JavaThread "C2 CompilerThread0" daemon [_thread_in_native, id=9368, stack(0x0000009015e00000,0x0000009015f00000)]
  0x000001c5fbb94000 JavaThread "Attach Listener" daemon [_thread_blocked, id=8560, stack(0x0000009015d00000,0x0000009015e00000)]
  0x000001c5fbb92000 JavaThread "Signal Dispatcher" daemon [_thread_blocked, id=10932, stack(0x0000009015c00000,0x0000009015d00000)]
  0x000001c5fb3e9800 JavaThread "Finalizer" daemon [_thread_blocked, id=5552, stack(0x0000009015b00000,0x0000009015c00000)]
  0x000001c5fb3e1800 JavaThread "Reference Handler" daemon [_thread_blocked, id=2812, stack(0x0000009015a00000,0x0000009015b00000)]
  0x000001c5ef914800 JavaThread "main" [_thread_blocked, id=10580, stack(0x0000009015400000,0x0000009015500000)]

Other Threads:
  0x000001c5fbb02800 VMThread [stack: 0x0000009015900000,0x0000009015a00000] [id=12712]
  0x000001c5fbc3a800 WatcherThread [stack: 0x0000009016200000,0x0000009016300000] [id=5700]

VM state:not at safepoint (normal execution)

VM Mutex/Monitor currently owned by a thread: None

heap address: 0x00000006c0c00000, size: 4084 MB, Compressed Oops mode: Zero based, Oop shift amount: 3
Narrow klass base: 0x0000000000000000, Narrow klass shift: 3
Compressed class space size: 1073741824 Address: 0x00000007c0000000

Heap:
 PSYoungGen      total 212992K, used 55335K [0x000000076af00000, 0x000000077d080000, 0x00000007c0000000)
  eden space 193536K, 28% used [0x000000076af00000,0x000000076e509cd0,0x0000000776c00000)
  from space 19456K, 0% used [0x0000000776c00000,0x0000000776c00000,0x0000000777f00000)
  to   space 20992K, 0% used [0x000000077bc00000,0x000000077bc00000,0x000000077d080000)
 ParOldGen       total 150528K, used 45620K [0x00000006c0c00000, 0x00000006c9f00000, 0x000000076af00000)
  object space 150528K, 30% used [0x00000006c0c00000,0x00000006c388d218,0x00000006c9f00000)
 Metaspace       used 56150K, capacity 60674K, committed 60800K, reserved 1101824K
  class space    used 8160K, capacity 9034K, committed 9088K, reserved 1048576K

Card table byte_map: [0x000001c5f15a0000,0x000001c5f1da0000] byte_map_base: 0x000001c5edf9a000

Marking Bits: (ParMarkBitMap*) 0x000000006a773810
 Begin Bits: [0x000001c5f2300000, 0x000001c5f62d0000)
 End Bits:   [0x000001c5f62d0000, 0x000001c5fa2a0000)

Polling page: 0x000001c5efb80000

CodeCache: size=245760Kb used=19658Kb max_used=19658Kb free=226101Kb
 bounds [0x000001c580000000, 0x000001c581350000, 0x000001c58f000000]
 total_blobs=6429 nmethods=5659 adapters=682
 compilation: enabled

Compilation events (10 events):
Event: 17.904 Thread 0x000001c5fbba4000 6316       3       org.gradle.api.internal.artifacts.ivyservice.resolveengine.result.ComponentIdentifierSerializer::write (459 bytes)
Event: 17.906 Thread 0x000001c5fbba4000 nmethod 6316 0x000001c58133b150 code [0x000001c58133b6c0, 0x000001c58133ebf0]
Event: 17.906 Thread 0x000001c5fbba4000 6317       3       org.gradle.internal.resolve.result.DefaultBuildableTypedResolveResult::assertHasResult (18 bytes)
Event: 17.906 Thread 0x000001c5fbba4000 nmethod 6317 0x000001c58133ff10 code [0x000001c5813400a0, 0x000001c581340490]
Event: 17.906 Thread 0x000001c5fbba4000 6319       3       java.util.ArrayList::set (20 bytes)
Event: 17.906 Thread 0x000001c5fbba4000 nmethod 6319 0x000001c5813405d0 code [0x000001c581340780, 0x000001c581340c60]
Event: 17.906 Thread 0x000001c5fbba4000 6318       1       org.gradle.internal.component.local.model.DslOriginDependencyMetadataWrapper::getArtifacts (5 bytes)
Event: 17.907 Thread 0x000001c5fbba4000 nmethod 6318 0x000001c581340f50 code [0x000001c5813410a0, 0x000001c5813411b8]
Event: 17.907 Thread 0x000001c5fbba4000 6320       3       com.esotericsoftware.kryo.io.Input::readVarLong (329 bytes)
Event: 17.907 Thread 0x000001c5fbba4000 nmethod 6320 0x000001c581341210 code [0x000001c5813413a0, 0x000001c581341a60]

GC Heap History (10 events):
Event: 10.105 GC heap before
{Heap before GC invocations=10 (full 2):
 PSYoungGen      total 114176K, used 100864K [0x000000076af00000, 0x0000000776e00000, 0x00000007c0000000)
  eden space 100864K, 100% used [0x000000076af00000,0x0000000771180000,0x0000000771180000)
  from space 13312K, 0% used [0x0000000771180000,0x0000000771180000,0x0000000771e80000)
  to   space 12800K, 0% used [0x0000000776180000,0x0000000776180000,0x0000000776e00000)
 ParOldGen       total 150528K, used 15031K [0x00000006c0c00000, 0x00000006c9f00000, 0x000000076af00000)
  object space 150528K, 9% used [0x00000006c0c00000,0x00000006c1aadeb0,0x00000006c9f00000)
 Metaspace       used 39015K, capacity 40834K, committed 41088K, reserved 1085440K
  class space    used 5465K, capacity 5909K, committed 6016K, reserved 1048576K
Event: 10.114 GC heap after
Heap after GC invocations=10 (full 2):
 PSYoungGen      total 160256K, used 8298K [0x000000076af00000, 0x0000000776a00000, 0x00000007c0000000)
  eden space 151552K, 0% used [0x000000076af00000,0x000000076af00000,0x0000000774300000)
  from space 8704K, 95% used [0x0000000776180000,0x000000077699a908,0x0000000776a00000)
  to   space 12288K, 0% used [0x0000000775200000,0x0000000775200000,0x0000000775e00000)
 ParOldGen       total 150528K, used 15031K [0x00000006c0c00000, 0x00000006c9f00000, 0x000000076af00000)
  object space 150528K, 9% used [0x00000006c0c00000,0x00000006c1aadeb0,0x00000006c9f00000)
 Metaspace       used 39015K, capacity 40834K, committed 41088K, reserved 1085440K
  class space    used 5465K, capacity 5909K, committed 6016K, reserved 1048576K
}
Event: 11.534 GC heap before
{Heap before GC invocations=11 (full 2):
 PSYoungGen      total 160256K, used 159850K [0x000000076af00000, 0x0000000776a00000, 0x00000007c0000000)
  eden space 151552K, 100% used [0x000000076af00000,0x0000000774300000,0x0000000774300000)
  from space 8704K, 95% used [0x0000000776180000,0x000000077699a908,0x0000000776a00000)
  to   space 12288K, 0% used [0x0000000775200000,0x0000000775200000,0x0000000775e00000)
 ParOldGen       total 150528K, used 15031K [0x00000006c0c00000, 0x00000006c9f00000, 0x000000076af00000)
  object space 150528K, 9% used [0x00000006c0c00000,0x00000006c1aadeb0,0x00000006c9f00000)
 Metaspace       used 45801K, capacity 48522K, committed 48768K, reserved 1091584K
  class space    used 6614K, capacity 7208K, committed 7296K, reserved 1048576K
Event: 11.555 GC heap after
Heap after GC invocations=11 (full 2):
 PSYoungGen      total 179200K, used 12256K [0x000000076af00000, 0x0000000778d80000, 0x00000007c0000000)
  eden space 166912K, 0% used [0x000000076af00000,0x000000076af00000,0x0000000775200000)
  from space 12288K, 99% used [0x0000000775200000,0x0000000775df81b8,0x0000000775e00000)
  to   space 14848K, 0% used [0x0000000777f00000,0x0000000777f00000,0x0000000778d80000)
 ParOldGen       total 150528K, used 17994K [0x00000006c0c00000, 0x00000006c9f00000, 0x000000076af00000)
  object space 150528K, 11% used [0x00000006c0c00000,0x00000006c1d92830,0x00000006c9f00000)
 Metaspace       used 45801K, capacity 48522K, committed 48768K, reserved 1091584K
  class space    used 6614K, capacity 7208K, committed 7296K, reserved 1048576K
}
Event: 13.027 GC heap before
{Heap before GC invocations=12 (full 2):
 PSYoungGen      total 179200K, used 179168K [0x000000076af00000, 0x0000000778d80000, 0x00000007c0000000)
  eden space 166912K, 100% used [0x000000076af00000,0x0000000775200000,0x0000000775200000)
  from space 12288K, 99% used [0x0000000775200000,0x0000000775df81b8,0x0000000775e00000)
  to   space 14848K, 0% used [0x0000000777f00000,0x0000000777f00000,0x0000000778d80000)
 ParOldGen       total 150528K, used 17994K [0x00000006c0c00000, 0x00000006c9f00000, 0x000000076af00000)
  object space 150528K, 11% used [0x00000006c0c00000,0x00000006c1d92830,0x00000006c9f00000)
 Metaspace       used 48480K, capacity 51634K, committed 51840K, reserved 1093632K
  class space    used 7026K, capacity 7709K, committed 7808K, reserved 1048576K
Event: 13.064 GC heap after
Heap after GC invocations=12 (full 2):
 PSYoungGen      total 208384K, used 14824K [0x000000076af00000, 0x000000077ae80000, 0x00000007c0000000)
  eden space 193536K, 0% used [0x000000076af00000,0x000000076af00000,0x0000000776c00000)
  from space 14848K, 99% used [0x0000000777f00000,0x0000000778d7a138,0x0000000778d80000)
  to   space 19456K, 0% used [0x0000000776c00000,0x0000000776c00000,0x0000000777f00000)
 ParOldGen       total 150528K, used 26024K [0x00000006c0c00000, 0x00000006c9f00000, 0x000000076af00000)
  object space 150528K, 17% used [0x00000006c0c00000,0x00000006c256a220,0x00000006c9f00000)
 Metaspace       used 48480K, capacity 51634K, committed 51840K, reserved 1093632K
  class space    used 7026K, capacity 7709K, committed 7808K, reserved 1048576K
}
Event: 16.828 GC heap before
{Heap before GC invocations=13 (full 2):
 PSYoungGen      total 208384K, used 143714K [0x000000076af00000, 0x000000077ae80000, 0x00000007c0000000)
  eden space 193536K, 66% used [0x000000076af00000,0x0000000772cde9f0,0x0000000776c00000)
  from space 14848K, 99% used [0x0000000777f00000,0x0000000778d7a138,0x0000000778d80000)
  to   space 19456K, 0% used [0x0000000776c00000,0x0000000776c00000,0x0000000777f00000)
 ParOldGen       total 150528K, used 26024K [0x00000006c0c00000, 0x00000006c9f00000, 0x000000076af00000)
  object space 150528K, 17% used [0x00000006c0c00000,0x00000006c256a220,0x00000006c9f00000)
 Metaspace       used 54937K, capacity 59012K, committed 59096K, reserved 1099776K
  class space    used 8003K, capacity 8805K, committed 8832K, reserved 1048576K
Event: 16.860 GC heap after
Heap after GC invocations=13 (full 2):
 PSYoungGen      total 212992K, used 17682K [0x000000076af00000, 0x000000077d080000, 0x00000007c0000000)
  eden space 193536K, 0% used [0x000000076af00000,0x000000076af00000,0x0000000776c00000)
  from space 19456K, 90% used [0x0000000776c00000,0x0000000777d44ac0,0x0000000777f00000)
  to   space 20992K, 0% used [0x000000077bc00000,0x000000077bc00000,0x000000077d080000)
 ParOldGen       total 150528K, used 33437K [0x00000006c0c00000, 0x00000006c9f00000, 0x000000076af00000)
  object space 150528K, 22% used [0x00000006c0c00000,0x00000006c2ca7478,0x00000006c9f00000)
 Metaspace       used 54937K, capacity 59012K, committed 59096K, reserved 1099776K
  class space    used 8003K, capacity 8805K, committed 8832K, reserved 1048576K
}
Event: 16.860 GC heap before
{Heap before GC invocations=14 (full 3):
 PSYoungGen      total 212992K, used 17682K [0x000000076af00000, 0x000000077d080000, 0x00000007c0000000)
  eden space 193536K, 0% used [0x000000076af00000,0x000000076af00000,0x0000000776c00000)
  from space 19456K, 90% used [0x0000000776c00000,0x0000000777d44ac0,0x0000000777f00000)
  to   space 20992K, 0% used [0x000000077bc00000,0x000000077bc00000,0x000000077d080000)
 ParOldGen       total 150528K, used 33437K [0x00000006c0c00000, 0x00000006c9f00000, 0x000000076af00000)
  object space 150528K, 22% used [0x00000006c0c00000,0x00000006c2ca7478,0x00000006c9f00000)
 Metaspace       used 54937K, capacity 59012K, committed 59096K, reserved 1099776K
  class space    used 8003K, capacity 8805K, committed 8832K, reserved 1048576K
Event: 17.085 GC heap after
Heap after GC invocations=14 (full 3):
 PSYoungGen      total 212992K, used 0K [0x000000076af00000, 0x000000077d080000, 0x00000007c0000000)
  eden space 193536K, 0% used [0x000000076af00000,0x000000076af00000,0x0000000776c00000)
  from space 19456K, 0% used [0x0000000776c00000,0x0000000776c00000,0x0000000777f00000)
  to   space 20992K, 0% used [0x000000077bc00000,0x000000077bc00000,0x000000077d080000)
 ParOldGen       total 150528K, used 45620K [0x00000006c0c00000, 0x00000006c9f00000, 0x000000076af00000)
  object space 150528K, 30% used [0x00000006c0c00000,0x00000006c388d218,0x00000006c9f00000)
 Metaspace       used 54905K, capacity 58904K, committed 59096K, reserved 1099776K
  class space    used 7993K, capacity 8787K, committed 8832K, reserved 1048576K
}

Deoptimization events (10 events):
Event: 17.247 Thread 0x000001c5fe5ad800 Uncommon trap: reason=bimorphic action=maybe_recompile pc=0x000001c5806327f4 method=java.lang.Throwable.<init>(Ljava/lang/String;Ljava/lang/Throwable;)V @ 24
Event: 17.255 Thread 0x000001c5fe5ad800 Uncommon trap: reason=bimorphic action=maybe_recompile pc=0x000001c5806327f4 method=java.lang.Throwable.<init>(Ljava/lang/String;Ljava/lang/Throwable;)V @ 24
Event: 17.259 Thread 0x000001c593522000 Uncommon trap: reason=predicate action=maybe_recompile pc=0x000001c58066e7ac method=java.util.ComparableTimSort.binarySort([Ljava/lang/Object;III)V @ 37
Event: 17.403 Thread 0x000001c5fe5ad800 Uncommon trap: reason=unstable_if action=reinterpret pc=0x000001c580af7cdc method=groovy.lang.MetaClassImpl.checkIfStdMethod(Lgroovy/lang/MetaMethod;)V @ 167
Event: 17.424 Thread 0x000001c5fe5ad800 Uncommon trap: reason=class_check action=maybe_recompile pc=0x000001c580cc5ad4 method=groovy.lang.MetaMethod.isStatic()Z @ 1
Event: 17.425 Thread 0x000001c5fe5ad800 Uncommon trap: reason=class_check action=maybe_recompile pc=0x000001c580cc5ad4 method=groovy.lang.MetaMethod.isStatic()Z @ 1
Event: 17.430 Thread 0x000001c5fe5ad800 Uncommon trap: reason=unstable_if action=reinterpret pc=0x000001c58122c504 method=groovy.lang.MetaClassImpl.filterPropertyMethod(Ljava/lang/Object;ZZ)Ljava/lang/Object; @ 60
Event: 17.488 Thread 0x000001c5fe5ad800 Uncommon trap: reason=unstable_if action=reinterpret pc=0x000001c580e3ddac method=java.lang.String.lastIndexOf([CII[CIII)I @ 17
Event: 17.583 Thread 0x000001c593522000 Uncommon trap: reason=array_check action=maybe_recompile pc=0x000001c58125a4ac method=java.util.ComparableTimSort.binarySort([Ljava/lang/Object;III)V @ 215
Event: 17.772 Thread 0x000001c5fe5ad800 Uncommon trap: reason=unstable_if action=reinterpret pc=0x000001c58074e894 method=java.util.HashMap.putVal(ILjava/lang/Object;Ljava/lang/Object;ZZ)Ljava/lang/Object; @ 236

Classes redefined (0 events):
No events

Internal exceptions (10 events):
Event: 17.466 Thread 0x000001c5fe5ad800 Exception <a 'java/lang/ClassNotFoundException': org/jetbrains/plugins/gradle/model/DefaultDependencyAccessorsModelBeanInfo> (0x000000076d754e08) thrown at [C:\ws\workspace\8u372\jdk-8u372\CT\std\label\windows-x86_64\type\b8\b\hotspot\src\share\vm\classfi
Event: 17.466 Thread 0x000001c5fe5ad800 Exception <a 'java/lang/ClassNotFoundException': org/jetbrains/plugins/gradle/model/DefaultDependencyAccessorsModelCustomizer> (0x000000076d76fd40) thrown at [C:\ws\workspace\8u372\jdk-8u372\CT\std\label\windows-x86_64\type\b8\b\hotspot\src\share\vm\class
Event: 17.475 Thread 0x000001c593522000 Exception <a 'java/lang/NoSuchMethodError': <clinit>> (0x000000076d504650) thrown at [C:\ws\workspace\8u372\jdk-8u372\CT\std\label\windows-x86_64\type\b8\b\hotspot\src\share\vm\prims\jni.cpp, line 1614]
Event: 17.523 Thread 0x000001c5fe5ad800 Exception <a 'java/lang/ClassNotFoundException': org/gradle/api/internal/artifacts/ivyservice/resolveengine/result/ComponentSelectionReasons$DefaultComponentSelectionReasonBeanInfo> (0x000000076d9c4fa0) thrown at [C:\ws\workspace\8u372\jdk-8u372\CT\std\la
Event: 17.524 Thread 0x000001c5fe5ad800 Exception <a 'java/lang/ClassNotFoundException': org/gradle/api/internal/artifacts/ivyservice/resolveengine/result/ComponentSelectionReasons$DefaultComponentSelectionReasonCustomizer> (0x000000076da2b628) thrown at [C:\ws\workspace\8u372\jdk-8u372\CT\std\
Event: 17.527 Thread 0x000001c5fe5ad800 Exception <a 'java/lang/ClassNotFoundException': groovy/lang/MetaBeanPropertyBeanInfo> (0x000000076da8c408) thrown at [C:\ws\workspace\8u372\jdk-8u372\CT\std\label\windows-x86_64\type\b8\b\hotspot\src\share\vm\classfile\systemDictionary.cpp, line 217]
Event: 17.528 Thread 0x000001c5fe5ad800 Exception <a 'java/lang/ClassNotFoundException': groovy/lang/MetaPropertyBeanInfo> (0x000000076dac1e58) thrown at [C:\ws\workspace\8u372\jdk-8u372\CT\std\label\windows-x86_64\type\b8\b\hotspot\src\share\vm\classfile\systemDictionary.cpp, line 217]
Event: 17.528 Thread 0x000001c5fe5ad800 Exception <a 'java/lang/ClassNotFoundException': groovy/lang/MetaPropertyCustomizer> (0x000000076daf7718) thrown at [C:\ws\workspace\8u372\jdk-8u372\CT\std\label\windows-x86_64\type\b8\b\hotspot\src\share\vm\classfile\systemDictionary.cpp, line 217]
Event: 17.529 Thread 0x000001c5fe5ad800 Exception <a 'java/lang/ClassNotFoundException': groovy/lang/MetaBeanPropertyCustomizer> (0x000000076db345f8) thrown at [C:\ws\workspace\8u372\jdk-8u372\CT\std\label\windows-x86_64\type\b8\b\hotspot\src\share\vm\classfile\systemDictionary.cpp, line 217]
Event: 17.586 Thread 0x000001c593522000 Exception <a 'java/lang/NoSuchMethodError': <clinit>> (0x000000076e088c38) thrown at [C:\ws\workspace\8u372\jdk-8u372\CT\std\label\windows-x86_64\type\b8\b\hotspot\src\share\vm\prims\jni.cpp, line 1614]

Events (10 events):
Event: 17.743 loading class org/jetbrains/plugins/gradle/tooling/internal/ClasspathEntryModelImpl done
Event: 17.771 loading class org/gradle/api/artifacts/result/ComponentSelectionCause
Event: 17.771 loading class org/gradle/api/artifacts/result/ComponentSelectionCause done
Event: 17.771 loading class org/gradle/api/internal/artifacts/ivyservice/resolveengine/result/CachingComponentSelectionDescriptorFactory
Event: 17.771 loading class org/gradle/api/internal/artifacts/ivyservice/resolveengine/result/CachingComponentSelectionDescriptorFactory done
Event: 17.772 Thread 0x000001c5fe5ad800 Uncommon trap: trap_request=0xffffff65 fr.pc=0x000001c58074e894
Event: 17.772 Thread 0x000001c5fe5ad800 DEOPT PACKING pc=0x000001c58074e894 sp=0x00000090169fb280
Event: 17.772 Thread 0x000001c5fe5ad800 DEOPT UNPACKING pc=0x000001c580045583 sp=0x00000090169fb220 mode 2
Event: 17.772 loading class com/intellij/openapi/externalSystem/model/project/dependencies/ReferenceNode
Event: 17.772 loading class com/intellij/openapi/externalSystem/model/project/dependencies/ReferenceNode done


Dynamic libraries:
0x00007ff60a9d0000 - 0x00007ff60aa15000 	C:\Users\Administrator\.jdks\liberica-1.8.0_372-1\bin\java.exe
0x00007ffe67ad0000 - 0x00007ffe67cc8000 	C:\Windows\SYSTEM32\ntdll.dll
0x00007ffe664d0000 - 0x00007ffe6658f000 	C:\Windows\System32\KERNEL32.DLL
0x00007ffe65600000 - 0x00007ffe658f6000 	C:\Windows\System32\KERNELBASE.dll
0x00007ffe66cf0000 - 0x00007ffe66d9f000 	C:\Windows\System32\ADVAPI32.dll
0x00007ffe66c40000 - 0x00007ffe66cde000 	C:\Windows\System32\msvcrt.dll
0x00007ffe67580000 - 0x00007ffe6761c000 	C:\Windows\System32\sechost.dll
0x00007ffe66b10000 - 0x00007ffe66c36000 	C:\Windows\System32\RPCRT4.dll
0x00007ffe65b30000 - 0x00007ffe65ccd000 	C:\Windows\System32\USER32.dll
0x00007ffe65a50000 - 0x00007ffe65a72000 	C:\Windows\System32\win32u.dll
0x00007ffe670a0000 - 0x00007ffe670cc000 	C:\Windows\System32\GDI32.dll
0x00007ffe654b0000 - 0x00007ffe655c5000 	C:\Windows\System32\gdi32full.dll
0x00007ffe65410000 - 0x00007ffe654ad000 	C:\Windows\System32\msvcp_win.dll
0x00007ffe65310000 - 0x00007ffe65410000 	C:\Windows\System32\ucrtbase.dll
0x00007ffe55930000 - 0x00007ffe55bca000 	C:\Windows\WinSxS\amd64_microsoft.windows.common-controls_6595b64144ccf1df_6.0.19041.1110_none_60b5254171f9507e\COMCTL32.dll
0x00007ffe66710000 - 0x00007ffe66740000 	C:\Windows\System32\IMM32.DLL
0x00007ffe5b2f0000 - 0x00007ffe5b305000 	C:\Users\Administrator\.jdks\liberica-1.8.0_372-1\jre\bin\vcruntime140.dll
0x00007ffe4cd60000 - 0x00007ffe4cdfb000 	C:\Users\Administrator\.jdks\liberica-1.8.0_372-1\jre\bin\msvcp140.dll
0x0000000069f90000 - 0x000000006a7ec000 	C:\Users\Administrator\.jdks\liberica-1.8.0_372-1\jre\bin\server\jvm.dll
0x00007ffe65d00000 - 0x00007ffe65d08000 	C:\Windows\System32\PSAPI.DLL
0x00007ffe55fd0000 - 0x00007ffe55fd9000 	C:\Windows\SYSTEM32\WSOCK32.dll
0x00007ffe5c740000 - 0x00007ffe5c767000 	C:\Windows\SYSTEM32\WINMM.dll
0x00007ffe65d10000 - 0x00007ffe65d7b000 	C:\Windows\System32\WS2_32.dll
0x00007ffe5d110000 - 0x00007ffe5d11a000 	C:\Windows\SYSTEM32\VERSION.dll
0x00007ffe63040000 - 0x00007ffe63052000 	C:\Windows\SYSTEM32\kernel.appcore.dll
0x00007ffe58f40000 - 0x00007ffe58f50000 	C:\Users\Administrator\.jdks\liberica-1.8.0_372-1\jre\bin\verify.dll
0x00007ffe4ee40000 - 0x00007ffe4ee6b000 	C:\Users\Administrator\.jdks\liberica-1.8.0_372-1\jre\bin\java.dll
0x00007ffe4cd40000 - 0x00007ffe4cd58000 	C:\Users\Administrator\.jdks\liberica-1.8.0_372-1\jre\bin\zip.dll
0x00007ffe65d80000 - 0x00007ffe664c4000 	C:\Windows\System32\SHELL32.dll
0x00007ffe63240000 - 0x00007ffe639d3000 	C:\Windows\SYSTEM32\windows.storage.dll
0x00007ffe670d0000 - 0x00007ffe67424000 	C:\Windows\System32\combase.dll
0x00007ffe64a40000 - 0x00007ffe64a6e000 	C:\Windows\SYSTEM32\Wldp.dll
0x00007ffe66f90000 - 0x00007ffe6703d000 	C:\Windows\System32\SHCORE.dll
0x00007ffe66ed0000 - 0x00007ffe66f25000 	C:\Windows\System32\shlwapi.dll
0x00007ffe650f0000 - 0x00007ffe6510f000 	C:\Windows\SYSTEM32\profapi.dll
0x00007ffe4cd20000 - 0x00007ffe4cd3c000 	C:\Users\Administrator\.jdks\liberica-1.8.0_372-1\jre\bin\net.dll
0x00007ffe64820000 - 0x00007ffe6488a000 	C:\Windows\system32\mswsock.dll
0x00007ffe4cd00000 - 0x00007ffe4cd13000 	C:\Users\Administrator\.jdks\liberica-1.8.0_372-1\jre\bin\nio.dll
0x00007ffe4d050000 - 0x00007ffe4d077000 	C:\Users\Administrator\.gradle\native\e1d6ef7f7dcc3fd88c89a11ec53ec762bb8ba0a96d01ffa2cd45eb1d1d8dd5c5\windows-amd64\native-platform.dll
0x00007ffdf4e20000 - 0x00007ffdf4f64000 	C:\Users\Administrator\.gradle\native\0d407fdbe67a94daf76414ababcb853783967236a71b16ec16e742cd7a986fd3\windows-amd64\native-platform-file-events.dll
0x00007ffe4fc10000 - 0x00007ffe4fc1d000 	C:\Users\Administrator\.jdks\liberica-1.8.0_372-1\jre\bin\management.dll
0x00007ffe64a80000 - 0x00007ffe64a98000 	C:\Windows\SYSTEM32\CRYPTSP.dll
0x00007ffe64160000 - 0x00007ffe64194000 	C:\Windows\system32\rsaenh.dll
0x00007ffe655d0000 - 0x00007ffe655f7000 	C:\Windows\System32\bcrypt.dll
0x00007ffe65070000 - 0x00007ffe6509e000 	C:\Windows\SYSTEM32\USERENV.dll
0x00007ffe659c0000 - 0x00007ffe65a42000 	C:\Windows\System32\bcryptprimitives.dll
0x00007ffe649b0000 - 0x00007ffe649bc000 	C:\Windows\SYSTEM32\CRYPTBASE.dll
0x00007ffe64530000 - 0x00007ffe6456c000 	C:\Windows\SYSTEM32\IPHLPAPI.DLL
0x00007ffe65cf0000 - 0x00007ffe65cf8000 	C:\Windows\System32\NSI.dll
0x00007ffe5c910000 - 0x00007ffe5c927000 	C:\Windows\SYSTEM32\dhcpcsvc6.DLL
0x00007ffe5c8f0000 - 0x00007ffe5c90d000 	C:\Windows\SYSTEM32\dhcpcsvc.DLL
0x00007ffe64570000 - 0x00007ffe6463a000 	C:\Windows\SYSTEM32\DNSAPI.dll
0x00007ffe62980000 - 0x00007ffe62a11000 	C:\Windows\system32\apphelp.dll

VM Arguments:
jvm_args: -Dfile.encoding=UTF-8 -Duser.country=US -Duser.language=en -Duser.variant 
java_command: org.gradle.launcher.daemon.bootstrap.GradleDaemon 7.4
java_class_path (initial): C:\Users\Administrator\.gradle\wrapper\dists\gradle-7.4-bin\c0gwcg53nkjbqw7r0h0umtfvt\gradle-7.4\lib\gradle-launcher-7.4.jar
Launcher Type: SUN_STANDARD

Environment Variables:
JAVA_HOME=C:\Program Files\Eclipse Adoptium\jdk-17.0.6.10-hotspot
PATH=C:\Program Files\Eclipse Adoptium\jdk-17.0.7.7-hotspot\bin;C:\Program Files\Java\jdk-17\bin;C:\Program Files\Common Files\Oracle\Java\javapath;C:\Program Files\Eclipse Adoptium\jdk-8.0.362.9-hotspot\bin;C:\Ruby32-x64\bin;C:\Program Files (x86)\VMware\VMware Workstation\bin\;C:\Python311\Scripts\;C:\Python311\;C:\Windows\system32;C:\Windows;C:\Windows\System32\Wbem;C:\Windows\System32\WindowsPowerShell\v1.0\;C:\Windows\System32\OpenSSH\;C:\Program Files (x86)\AMD\ATI.ACE\Core-Static;C:\Program Files\dotnet\;C:\Program Files\nodejs\;C:\ProgramData\chocolatey\bin;C:\cygnus\cygwin-b20\H-i586-cygwin32\bin;C:\Program Files\Git\cmd;C:\Program Files\Microsoft SQL Server\150\Tools\Binn\;C:\Program Files\Docker\Docker\resources\bin;C:\Program Files\GitHub CLI\;C:\gradle\bin\;C:\Program Files\PuTTY\;E:\Microsoft VS Code\bin;F:\redis\;C:\Program Files\CMake\bin;C:\Program Files (x86)\GnuWin32\bin;C:\msys64\mingw64\bin;C:\Users\Administrator\AppData\Local\bin\NASM;C:\Program Files\qemu;C:\Users\Administrator\.cargo\bin;C:\Users\Administrator\AppData\Local\Microsoft\WindowsApps;C:\Users\Administrator\AppData\Roaming\npm;C:\Program Files (x86)\Nmap;C:\Users\Administrator\AppData\Local\GitHubDesktop\bin;C:\Users\Administrator\.dotnet\tools;F:\IntelliJ IDEA 2022.2\bin;C:\Users\Administrator\AppData\Local\JetBrains\Toolbox\scripts;E:\neovim\bin;E:\Microsoft VS Code Insiders\bin
USERNAME=Administrator
OS=Windows_NT
PROCESSOR_IDENTIFIER=Intel64 Family 6 Model 58 Stepping 9, GenuineIntel



---------------  S Y S T E M  ---------------

OS: Windows 10 , 64 bit Build 19041 (10.0.19041.3031)

CPU:total 4 (initial active 4) (4 cores per cpu, 1 threads per core) family 6 model 58 stepping 9, cmov, cx8, fxsr, mmx, sse, sse2, sse3, ssse3, sse4.1, sse4.2, popcnt, avx, aes, clmul, erms, tsc, tscinvbit, tscinv

Memory: 4k page, physical 16722672k(2274520k free), swap 16722672k(79432k free)

vm_info: OpenJDK 64-Bit Server VM (25.372-b07) for windows-amd64 JRE (1.8.0_372-b07), built on Apr 18 2023 13:47:09 by "hudson" with MS VC++ 15.9 (VS2017)

time: Wed Jul 12 17:53:27 2023
timezone: Iran Standard Time
elapsed time: 17.925991 seconds (0d 0h 0m 17s)

